0 info it worked if it ends with ok
1 verbose cli [ 'F:\\installed software\\nodejs\\node.exe',
1 verbose cli   'F:\\installed software\\nodejs\\node_modules\\npm\\bin\\npm-cli.js',
1 verbose cli   'start' ]
2 info using npm@3.10.10
3 info using node@v6.11.2
4 verbose run-script [ 'prestart', 'start', 'poststart' ]
5 info lifecycle mmd-ui@1.0.0~prestart: mmd-ui@1.0.0
6 silly lifecycle mmd-ui@1.0.0~prestart: no script for prestart, continuing
7 info lifecycle mmd-ui@1.0.0~start: mmd-ui@1.0.0
8 verbose lifecycle mmd-ui@1.0.0~start: unsafe-perm in lifecycle true
9 verbose lifecycle mmd-ui@1.0.0~start: PATH: F:\installed software\nodejs\node_modules\npm\bin\node-gyp-bin;F:\MotivateMD\node_modules\.bin;F:\installed software\Git\bin;C:\Windows;C:\Windows\System32\Wbem;C:\Windows\System32\WindowsPowerShell\v1.0\;C:\Windows\system32\config\systemprofile\.dnx\bin;C:\Program Files\Microsoft DNX\Dnvm\;C:\Program Files\Microsoft SQL Server\Client SDK\ODBC\110\Tools\Binn\;C:\Program Files (x86)\Microsoft SQL Server\120\Tools\Binn\ManagementStudio\;C:\Program Files (x86)\Microsoft SQL Server\120\Tools\Binn\;C:\Program Files\Microsoft SQL Server\120\Tools\Binn\;C:\Program Files (x86)\Microsoft SQL Server\120\DTS\Binn\;C:\Program Files\Microsoft SQL Server\120\DTS\Binn\;E:\wamp\bin\mysql\mysql5.5.8\bin\;C:\Program Files (x86)\Skype\Phone\;G:\android_sdk\sdk;G:\android_sdk\sdk\platform-tools;;G:\android_sdk\sdk\tools;F:\installed software\nodejs\;F:\installed software\python\;F:\installed software\python\Scripts\;C:\Users\umesh\AppData\Roaming\Python\Scripts;F:\installed software\apache-maven-3.5.2\bin;C:\Program Files\TortoiseSVN\bin;C:\Program Files\Java\jdk1.8.0_45\bin;C:\ProgramData\ComposerSetup\bin;F:\installed software\Sencha_CMD_6.2\Cmd\6.2.2.36;E:\xampp\php;F:\wamp64\bin\php\php5.6.19;C:\Ruby23-x64\bin;F:\ruby_installation\Ruby200-x64\bin;C:\Windows;C:\Windows\System32\Wbem;C:\Windows\System32\WindowsPowerShell\v1.0\;C:\Users\umesh\.dnx\bin;C:\Program Files\Microsoft DNX\Dnvm\;E:\wamp\bin\mysql\mysql5.5.8\bin;C:\Users\umesh\AppData\Roaming\npm;F:\wamp64\bin\php\php5.6.19;C:\Users\umesh\AppData\Roaming\Composer\vendor\bin;C:\Program Files\Java\jdk1.8.0_45\bin;C:\Program Files\Java\jre1.8.0_45\bin;F:\installed software\Sencha_CMD_6.2\Cmd\6.2.2.36
10 verbose lifecycle mmd-ui@1.0.0~start: CWD: F:\MotivateMD
11 silly lifecycle mmd-ui@1.0.0~start: Args: [ '/d /s /c',
11 silly lifecycle   'NODE_ENV=production pm2 start server.js -p 5000' ]
12 silly lifecycle mmd-ui@1.0.0~start: Returned: code: 1  signal: null
13 info lifecycle mmd-ui@1.0.0~start: Failed to exec start script
14 verbose stack Error: mmd-ui@1.0.0 start: `NODE_ENV=production pm2 start server.js -p 5000`
14 verbose stack Exit status 1
14 verbose stack     at EventEmitter.<anonymous> (F:\installed software\nodejs\node_modules\npm\lib\utils\lifecycle.js:255:16)
14 verbose stack     at emitTwo (events.js:106:13)
14 verbose stack     at EventEmitter.emit (events.js:191:7)
14 verbose stack     at ChildProcess.<anonymous> (F:\installed software\nodejs\node_modules\npm\lib\utils\spawn.js:40:14)
14 verbose stack     at emitTwo (events.js:106:13)
14 verbose stack     at ChildProcess.emit (events.js:191:7)
14 verbose stack     at maybeClose (internal/child_process.js:891:16)
14 verbose stack     at Process.ChildProcess._handle.onexit (internal/child_process.js:226:5)
15 verbose pkgid mmd-ui@1.0.0
16 verbose cwd F:\MotivateMD
17 error Windows_NT 6.1.7601
18 error argv "F:\\installed software\\nodejs\\node.exe" "F:\\installed software\\nodejs\\node_modules\\npm\\bin\\npm-cli.js" "start"
19 error node v6.11.2
20 error npm  v3.10.10
21 error code ELIFECYCLE
22 error mmd-ui@1.0.0 start: `NODE_ENV=production pm2 start server.js -p 5000`
22 error Exit status 1
23 error Failed at the mmd-ui@1.0.0 start script 'NODE_ENV=production pm2 start server.js -p 5000'.
23 error Make sure you have the latest version of node.js and npm installed.
23 error If you do, this is most likely a problem with the mmd-ui package,
23 error not with npm itself.
23 error Tell the author that this fails on your system:
23 error     NODE_ENV=production pm2 start server.js -p 5000
23 error You can get information on how to open an issue for this project with:
23 error     npm bugs mmd-ui
23 error Or if that isn't available, you can get their info via:
23 error     npm owner ls mmd-ui
23 error There is likely additional logging output above.
24 verbose exit [ 1, true ]
